c:\users\hintr\downloads\9.06\glwinsimple2\src\debug\vc140.pdb
c:\users\hintr\downloads\9.06\glwinsimple2\src\debug\vc140.idb
c:\users\hintr\downloads\9.06\glwinsimple2\src\debug\controller.obj
c:\users\hintr\downloads\9.06\glwinsimple2\src\debug\controllerform.obj
c:\users\hintr\downloads\9.06\glwinsimple2\src\debug\controllergl.obj
c:\users\hintr\downloads\9.06\glwinsimple2\src\debug\controllermain.obj
c:\users\hintr\downloads\9.06\glwinsimple2\src\debug\dialogwindow.obj
c:\users\hintr\downloads\9.06\glwinsimple2\src\debug\main.obj
c:\users\hintr\downloads\9.06\glwinsimple2\src\debug\modelgl.obj
c:\users\hintr\downloads\9.06\glwinsimple2\src\debug\procedure.obj
c:\users\hintr\downloads\9.06\glwinsimple2\src\debug\viewform.obj
c:\users\hintr\downloads\9.06\glwinsimple2\src\debug\viewgl.obj
c:\users\hintr\downloads\9.06\glwinsimple2\src\debug\window.obj
c:\users\hintr\downloads\9.06\glwinsimple2\bin\glwinsimple2.ilk
c:\users\hintr\downloads\9.06\glwinsimple2\bin\glwinsimple2.exe
c:\users\hintr\downloads\9.06\glwinsimple2\bin\glwinsimple2.pdb
c:\users\hintr\downloads\9.06\glwinsimple2\src\debug\glwinsimple.res
c:\users\hintr\downloads\9.06\glwinsimple2\src\debug\glwinsimple2.exe.embed.manifest.res
c:\users\hintr\downloads\9.06\glwinsimple2\src\debug\glwinsimple2.exe.embed.manifest
c:\users\hintr\downloads\9.06\glwinsimple2\src\debug\glwinsimple2_manifest.rc
c:\users\hintr\downloads\9.06\glwinsimple2\src\\..\bin\glwinsimple2.pdb
c:\users\hintr\downloads\9.06\glwinsimple2\src\\..\bin\glwinsimple2.exe
c:\users\hintr\downloads\9.06\glwinsimple2\src\\..\bin\glwinsimple2.ilk
c:\users\hintr\downloads\9.06\glwinsimple2\src\debug\glwinsimple2.tlog\cl.command.1.tlog
c:\users\hintr\downloads\9.06\glwinsimple2\src\debug\glwinsimple2.tlog\cl.read.1.tlog
c:\users\hintr\downloads\9.06\glwinsimple2\src\debug\glwinsimple2.tlog\cl.write.1.tlog
c:\users\hintr\downloads\9.06\glwinsimple2\src\debug\glwinsimple2.tlog\link.command.1.tlog
c:\users\hintr\downloads\9.06\glwinsimple2\src\debug\glwinsimple2.tlog\link.read.1.tlog
c:\users\hintr\downloads\9.06\glwinsimple2\src\debug\glwinsimple2.tlog\link.write.1.tlog
c:\users\hintr\downloads\9.06\glwinsimple2\src\debug\glwinsimple2.tlog\rc.command.1.tlog
c:\users\hintr\downloads\9.06\glwinsimple2\src\debug\glwinsimple2.tlog\rc.read.1.tlog
c:\users\hintr\downloads\9.06\glwinsimple2\src\debug\glwinsimple2.tlog\rc.write.1.tlog
