  Controller.cpp
  ControllerForm.cpp
  ControllerGL.cpp
  ControllerMain.cpp
  DialogWindow.cpp
  main.cpp
  ModelGL.cpp
ModelGL.cpp(821): warning C4244: аргумент: преобразование "double" в "GLfloat", возможна потеря данных
ModelGL.cpp(822): warning C4244: аргумент: преобразование "double" в "GLfloat", возможна потеря данных
ModelGL.cpp(823): warning C4244: аргумент: преобразование "double" в "GLfloat", возможна потеря данных
ModelGL.cpp(824): warning C4244: аргумент: преобразование "double" в "GLfloat", возможна потеря данных
ModelGL.cpp(827): warning C4244: аргумент: преобразование "double" в "GLfloat", возможна потеря данных
ModelGL.cpp(828): warning C4244: аргумент: преобразование "double" в "GLfloat", возможна потеря данных
ModelGL.cpp(829): warning C4244: аргумент: преобразование "double" в "GLfloat", возможна потеря данных
ModelGL.cpp(830): warning C4244: аргумент: преобразование "double" в "GLfloat", возможна потеря данных
ModelGL.cpp(833): warning C4244: аргумент: преобразование "double" в "GLfloat", возможна потеря данных
ModelGL.cpp(834): warning C4244: аргумент: преобразование "double" в "GLfloat", возможна потеря данных
ModelGL.cpp(835): warning C4244: аргумент: преобразование "double" в "GLfloat", возможна потеря данных
ModelGL.cpp(836): warning C4244: аргумент: преобразование "double" в "GLfloat", возможна потеря данных
ModelGL.cpp(839): warning C4244: аргумент: преобразование "double" в "GLfloat", возможна потеря данных
ModelGL.cpp(840): warning C4244: аргумент: преобразование "double" в "GLfloat", возможна потеря данных
ModelGL.cpp(841): warning C4244: аргумент: преобразование "double" в "GLfloat", возможна потеря данных
ModelGL.cpp(842): warning C4244: аргумент: преобразование "double" в "GLfloat", возможна потеря данных
ModelGL.cpp(845): warning C4244: аргумент: преобразование "double" в "GLfloat", возможна потеря данных
ModelGL.cpp(846): warning C4244: аргумент: преобразование "double" в "GLfloat", возможна потеря данных
ModelGL.cpp(847): warning C4244: аргумент: преобразование "double" в "GLfloat", возможна потеря данных
ModelGL.cpp(848): warning C4244: аргумент: преобразование "double" в "GLfloat", возможна потеря данных
ModelGL.cpp(851): warning C4244: аргумент: преобразование "double" в "GLfloat", возможна потеря данных
ModelGL.cpp(852): warning C4244: аргумент: преобразование "double" в "GLfloat", возможна потеря данных
ModelGL.cpp(853): warning C4244: аргумент: преобразование "double" в "GLfloat", возможна потеря данных
ModelGL.cpp(854): warning C4244: аргумент: преобразование "double" в "GLfloat", возможна потеря данных
ModelGL.cpp(858): warning C4244: аргумент: преобразование "double" в "GLfloat", возможна потеря данных
ModelGL.cpp(859): warning C4244: аргумент: преобразование "double" в "GLfloat", возможна потеря данных
ModelGL.cpp(860): warning C4244: аргумент: преобразование "double" в "GLfloat", возможна потеря данных
ModelGL.cpp(861): warning C4244: аргумент: преобразование "double" в "GLfloat", возможна потеря данных
ModelGL.cpp(862): warning C4244: аргумент: преобразование "double" в "GLfloat", возможна потеря данных
ModelGL.cpp(863): warning C4244: аргумент: преобразование "double" в "GLfloat", возможна потеря данных
ModelGL.cpp(864): warning C4244: аргумент: преобразование "double" в "GLfloat", возможна потеря данных
ModelGL.cpp(865): warning C4244: аргумент: преобразование "double" в "GLfloat", возможна потеря данных
ModelGL.cpp(866): warning C4244: аргумент: преобразование "double" в "GLfloat", возможна потеря данных
ModelGL.cpp(867): warning C4244: аргумент: преобразование "double" в "GLfloat", возможна потеря данных
ModelGL.cpp(868): warning C4244: аргумент: преобразование "double" в "GLfloat", возможна потеря данных
ModelGL.cpp(869): warning C4244: аргумент: преобразование "double" в "GLfloat", возможна потеря данных
ModelGL.cpp(878): warning C4244: аргумент: преобразование "double" в "GLfloat", возможна потеря данных
ModelGL.cpp(879): warning C4244: аргумент: преобразование "double" в "GLfloat", возможна потеря данных
ModelGL.cpp(880): warning C4244: аргумент: преобразование "double" в "GLfloat", возможна потеря данных
ModelGL.cpp(881): warning C4244: аргумент: преобразование "double" в "GLfloat", возможна потеря данных
ModelGL.cpp(887): warning C4244: аргумент: преобразование "double" в "GLfloat", возможна потеря данных
ModelGL.cpp(888): warning C4244: аргумент: преобразование "double" в "GLfloat", возможна потеря данных
ModelGL.cpp(889): warning C4244: аргумент: преобразование "double" в "GLfloat", возможна потеря данных
ModelGL.cpp(890): warning C4244: аргумент: преобразование "double" в "GLfloat", возможна потеря данных
ModelGL.cpp(896): warning C4244: аргумент: преобразование "double" в "GLfloat", возможна потеря данных
ModelGL.cpp(897): warning C4244: аргумент: преобразование "double" в "GLfloat", возможна потеря данных
ModelGL.cpp(898): warning C4244: аргумент: преобразование "double" в "GLfloat", возможна потеря данных
ModelGL.cpp(899): warning C4244: аргумент: преобразование "double" в "GLfloat", возможна потеря данных
ModelGL.cpp(905): warning C4244: аргумент: преобразование "double" в "GLfloat", возможна потеря данных
ModelGL.cpp(906): warning C4244: аргумент: преобразование "double" в "GLfloat", возможна потеря данных
ModelGL.cpp(907): warning C4244: аргумент: преобразование "double" в "GLfloat", возможна потеря данных
ModelGL.cpp(908): warning C4244: аргумент: преобразование "double" в "GLfloat", возможна потеря данных
ModelGL.cpp(912): warning C4244: аргумент: преобразование "double" в "GLfloat", возможна потеря данных
ModelGL.cpp(913): warning C4244: аргумент: преобразование "double" в "GLfloat", возможна потеря данных
ModelGL.cpp(914): warning C4244: аргумент: преобразование "double" в "GLfloat", возможна потеря данных
ModelGL.cpp(915): warning C4244: аргумент: преобразование "double" в "GLfloat", возможна потеря данных
ModelGL.cpp(916): warning C4244: аргумент: преобразование "double" в "GLfloat", возможна потеря данных
ModelGL.cpp(917): warning C4244: аргумент: преобразование "double" в "GLfloat", возможна потеря данных
ModelGL.cpp(929): warning C4244: аргумент: преобразование "double" в "GLfloat", возможна потеря данных
ModelGL.cpp(930): warning C4244: аргумент: преобразование "double" в "GLfloat", возможна потеря данных
ModelGL.cpp(931): warning C4244: аргумент: преобразование "double" в "GLfloat", возможна потеря данных
ModelGL.cpp(934): warning C4244: аргумент: преобразование "double" в "GLfloat", возможна потеря данных
ModelGL.cpp(935): warning C4244: аргумент: преобразование "double" в "GLfloat", возможна потеря данных
ModelGL.cpp(936): warning C4244: аргумент: преобразование "double" в "GLfloat", возможна потеря данных
ModelGL.cpp(946): warning C4244: аргумент: преобразование "double" в "GLfloat", возможна потеря данных
ModelGL.cpp(1093): warning C4244: =: преобразование "double" в "GLfloat", возможна потеря данных
ModelGL.cpp(1156): warning C4244: -=: преобразование "double" в "float", возможна потеря данных
ModelGL.cpp(1157): warning C4244: -=: преобразование "double" в "float", возможна потеря данных
  procedure.cpp
  ViewForm.cpp
  ViewGL.cpp
  Window.cpp
  Создание кода
  994 of 1008 functions (98.6%) were compiled, the rest were copied from previous compilation.
    11 functions were new in current compilation
    1 functions had inline decision re-evaluated but remain unchanged
  Создание кода завершено
  glWinSimple.vcxproj -> C:\Users\viro\Downloads\praktika\praktika\praktika\src\\..\bin\glWinSimple2.exe
