c:\users\viro\downloads\praktika\praktika\9.06\glwinsimple2\src\release\vc140.pdb
c:\users\viro\downloads\praktika\praktika\9.06\glwinsimple2\src\release\window.obj
c:\users\viro\downloads\praktika\praktika\9.06\glwinsimple2\src\release\viewgl.obj
c:\users\viro\downloads\praktika\praktika\9.06\glwinsimple2\src\release\viewform.obj
c:\users\viro\downloads\praktika\praktika\9.06\glwinsimple2\src\release\procedure.obj
c:\users\viro\downloads\praktika\praktika\9.06\glwinsimple2\src\release\modelgl.obj
c:\users\viro\downloads\praktika\praktika\9.06\glwinsimple2\src\release\main.obj
c:\users\viro\downloads\praktika\praktika\9.06\glwinsimple2\src\release\dialogwindow.obj
c:\users\viro\downloads\praktika\praktika\9.06\glwinsimple2\src\release\controllermain.obj
c:\users\viro\downloads\praktika\praktika\9.06\glwinsimple2\src\release\controllergl.obj
c:\users\viro\downloads\praktika\praktika\9.06\glwinsimple2\src\release\controllerform.obj
c:\users\viro\downloads\praktika\praktika\9.06\glwinsimple2\src\release\controller.obj
c:\users\viro\downloads\praktika\praktika\9.06\glwinsimple2\bin\glwinsimple2.exe
c:\users\viro\downloads\praktika\praktika\9.06\glwinsimple2\bin\glwinsimple2.ipdb
c:\users\viro\downloads\praktika\praktika\9.06\glwinsimple2\bin\glwinsimple2.iobj
c:\users\viro\downloads\praktika\praktika\9.06\glwinsimple2\bin\glwinsimple2.pdb
c:\users\viro\downloads\praktika\praktika\9.06\glwinsimple2\src\release\glwinsimple.res
c:\users\viro\downloads\praktika\praktika\9.06\glwinsimple2\src\\..\bin\glwinsimple2.pdb
c:\users\viro\downloads\praktika\praktika\9.06\glwinsimple2\src\\..\bin\glwinsimple2.exe
c:\users\viro\downloads\praktika\praktika\9.06\glwinsimple2\src\release\glwinsimple2.tlog\cl.command.1.tlog
c:\users\viro\downloads\praktika\praktika\9.06\glwinsimple2\src\release\glwinsimple2.tlog\cl.read.1.tlog
c:\users\viro\downloads\praktika\praktika\9.06\glwinsimple2\src\release\glwinsimple2.tlog\cl.write.1.tlog
c:\users\viro\downloads\praktika\praktika\9.06\glwinsimple2\src\release\glwinsimple2.tlog\link.command.1.tlog
c:\users\viro\downloads\praktika\praktika\9.06\glwinsimple2\src\release\glwinsimple2.tlog\link.read.1.tlog
c:\users\viro\downloads\praktika\praktika\9.06\glwinsimple2\src\release\glwinsimple2.tlog\link.write.1.tlog
c:\users\viro\downloads\praktika\praktika\9.06\glwinsimple2\src\release\glwinsimple2.tlog\rc.command.1.tlog
c:\users\viro\downloads\praktika\praktika\9.06\glwinsimple2\src\release\glwinsimple2.tlog\rc.read.1.tlog
c:\users\viro\downloads\praktika\praktika\9.06\glwinsimple2\src\release\glwinsimple2.tlog\rc.write.1.tlog
